-------------------------------------------------------------------------------
Test set: UserTest
-------------------------------------------------------------------------------
Tests run: 1, Failures: 0, Errors: 1, Skipped: 0, Time elapsed: 0.532 sec <<< FAILURE!
UserTest  Time elapsed: 0.531 sec  <<< ERROR!
javax.persistence.PersistenceException: Exception [EclipseLink-7042] (Eclipse Persistence Services - 2.5.2.v20140319-9ad6abd): org.eclipse.persistence.exceptions.ValidationException
Exception Description: Database platform class [org.eclipse.net.persistence.platform.database.H2Platform] not found.
Internal Exception: Exception [EclipseLink-3007] (Eclipse Persistence Services - 2.5.2.v20140319-9ad6abd): org.eclipse.persistence.exceptions.ConversionException
Exception Description: The object [org.eclipse.net.persistence.platform.database.H2Platform], of class [class java.lang.String], could not be converted to [class java.lang.Class].  Ensure that the class [class java.lang.Class] is on the CLASSPATH.  You may need to use alternate API passing in the appropriate class loader as required, or setting it on the default ConversionManager
Internal Exception: java.lang.ClassNotFoundException: org.eclipse.net.persistence.platform.database.H2Platform
	at org.eclipse.persistence.internal.jpa.EntityManagerSetupImpl.deploy(EntityManagerSetupImpl.java:766)
	at org.eclipse.persistence.internal.jpa.EntityManagerFactoryDelegate.getAbstractSession(EntityManagerFactoryDelegate.java:204)
	at org.eclipse.persistence.internal.jpa.EntityManagerFactoryDelegate.createEntityManagerImpl(EntityManagerFactoryDelegate.java:304)
	at org.eclipse.persistence.internal.jpa.EntityManagerFactoryImpl.createEntityManagerImpl(EntityManagerFactoryImpl.java:336)
	at org.eclipse.persistence.internal.jpa.EntityManagerFactoryImpl.createEntityManager(EntityManagerFactoryImpl.java:302)
	at net.persistence.GenericDao.createEntityManager(GenericDao.java:15)
	at UserTest.initEntityManager(UserTest.java:42)
	at sun.reflect.NativeMethodAccessorImpl.invoke0(Native Method)
	at sun.reflect.NativeMethodAccessorImpl.invoke(NativeMethodAccessorImpl.java:62)
	at sun.reflect.DelegatingMethodAccessorImpl.invoke(DelegatingMethodAccessorImpl.java:43)
	at java.lang.reflect.Method.invoke(Method.java:498)
	at org.junit.runners.model.FrameworkMethod$1.runReflectiveCall(FrameworkMethod.java:50)
	at org.junit.internal.runners.model.ReflectiveCallable.run(ReflectiveCallable.java:12)
	at org.junit.runners.model.FrameworkMethod.invokeExplosively(FrameworkMethod.java:47)
	at org.junit.internal.runners.statements.RunBefores.evaluate(RunBefores.java:24)
	at org.junit.internal.runners.statements.RunAfters.evaluate(RunAfters.java:27)
	at org.junit.runners.ParentRunner.run(ParentRunner.java:363)
	at org.apache.maven.surefire.junit4.JUnit4Provider.execute(JUnit4Provider.java:252)
	at org.apache.maven.surefire.junit4.JUnit4Provider.executeTestSet(JUnit4Provider.java:141)
	at org.apache.maven.surefire.junit4.JUnit4Provider.invoke(JUnit4Provider.java:112)
	at sun.reflect.NativeMethodAccessorImpl.invoke0(Native Method)
	at sun.reflect.NativeMethodAccessorImpl.invoke(NativeMethodAccessorImpl.java:62)
	at sun.reflect.DelegatingMethodAccessorImpl.invoke(DelegatingMethodAccessorImpl.java:43)
	at java.lang.reflect.Method.invoke(Method.java:498)
	at org.apache.maven.surefire.util.ReflectionUtils.invokeMethodWithArray(ReflectionUtils.java:189)
	at org.apache.maven.surefire.booter.ProviderFactory$ProviderProxy.invoke(ProviderFactory.java:165)
	at org.apache.maven.surefire.booter.ProviderFactory.invokeProvider(ProviderFactory.java:85)
	at org.apache.maven.surefire.booter.ForkedBooter.runSuitesInProcess(ForkedBooter.java:115)
	at org.apache.maven.surefire.booter.ForkedBooter.main(ForkedBooter.java:75)
Caused by: Exception [EclipseLink-7042] (Eclipse Persistence Services - 2.5.2.v20140319-9ad6abd): org.eclipse.persistence.exceptions.ValidationException
Exception Description: Database platform class [org.eclipse.net.persistence.platform.database.H2Platform] not found.
Internal Exception: Exception [EclipseLink-3007] (Eclipse Persistence Services - 2.5.2.v20140319-9ad6abd): org.eclipse.persistence.exceptions.ConversionException
Exception Description: The object [org.eclipse.net.persistence.platform.database.H2Platform], of class [class java.lang.String], could not be converted to [class java.lang.Class].  Ensure that the class [class java.lang.Class] is on the CLASSPATH.  You may need to use alternate API passing in the appropriate class loader as required, or setting it on the default ConversionManager
Internal Exception: java.lang.ClassNotFoundException: org.eclipse.net.persistence.platform.database.H2Platform
	at org.eclipse.persistence.exceptions.ValidationException.platformClassNotFound(ValidationException.java:1549)
	at org.eclipse.persistence.sessions.DatasourceLogin.setPlatformClassName(DatasourceLogin.java:515)
	at org.eclipse.persistence.sessions.DatasourceLogin.setPlatformClassName(DatasourceLogin.java:551)
	at org.eclipse.persistence.internal.jpa.EntityManagerSetupImpl.updateLogins(EntityManagerSetupImpl.java:2189)
	at org.eclipse.persistence.internal.jpa.EntityManagerSetupImpl.updateSession(EntityManagerSetupImpl.java:2575)
	at org.eclipse.persistence.internal.jpa.EntityManagerSetupImpl.deploy(EntityManagerSetupImpl.java:664)
	... 28 more
Caused by: Exception [EclipseLink-3007] (Eclipse Persistence Services - 2.5.2.v20140319-9ad6abd): org.eclipse.persistence.exceptions.ConversionException
Exception Description: The object [org.eclipse.net.persistence.platform.database.H2Platform], of class [class java.lang.String], could not be converted to [class java.lang.Class].  Ensure that the class [class java.lang.Class] is on the CLASSPATH.  You may need to use alternate API passing in the appropriate class loader as required, or setting it on the default ConversionManager
Internal Exception: java.lang.ClassNotFoundException: org.eclipse.net.persistence.platform.database.H2Platform
	at org.eclipse.persistence.exceptions.ConversionException.couldNotBeConvertedToClass(ConversionException.java:95)
	at org.eclipse.persistence.internal.helper.ConversionManager.convertObjectToClass(ConversionManager.java:446)
	at org.eclipse.persistence.internal.helper.ConversionManager.convertObject(ConversionManager.java:144)
	at org.eclipse.persistence.internal.helper.ConversionManager.loadClass(ConversionManager.java:885)
	at org.eclipse.persistence.sessions.DatasourceLogin.setPlatformClassName(DatasourceLogin.java:501)
	... 32 more
Caused by: java.lang.ClassNotFoundException: org.eclipse.net.persistence.platform.database.H2Platform
	at java.net.URLClassLoader.findClass(URLClassLoader.java:381)
	at java.lang.ClassLoader.loadClass(ClassLoader.java:424)
	at sun.misc.Launcher$AppClassLoader.loadClass(Launcher.java:331)
	at java.lang.ClassLoader.loadClass(ClassLoader.java:357)
	at java.lang.Class.forName0(Native Method)
	at java.lang.Class.forName(Class.java:348)
	at org.eclipse.persistence.internal.helper.ConversionManager.convertObjectToClass(ConversionManager.java:443)
	... 35 more

